<?xml version="1.0" encoding="UTF-8"?>
<!-- Generated by org.testng.reporters.JUnitReportReporter -->
<testsuite skipped="0" hostname="LAPTOP-I2AH7OPB" name="demoapp.firstprogram" tests="6" failures="0" timestamp="30 Apr 2021 12:58:20 GMT" time="0.008" errors="0">
  <testcase name="secondpage" time="0.001" classname="demoapp.firstprogram"/>
  <testcase name="homepage" time="0.001" classname="demoapp.firstprogram"/>
  <testcase name="selectelement" time="0.000" classname="demoapp.firstprogram"/>
  <testcase name="login" time="0.004" classname="demoapp.firstprogram"/>
  <testcase name="savepage" time="0.001" classname="demoapp.firstprogram"/>
  <testcase name="adddocuments" time="0.001" classname="demoapp.firstprogram"/>
</testsuite> <!-- demoapp.firstprogram -->
