<?xml version="1.0" encoding="UTF-8"?>
<!-- Generated by org.testng.reporters.JUnitReportReporter -->
<testsuite skipped="0" hostname="LAPTOP-I2AH7OPB" name="demoapp.invocationclass" tests="10" failures="0" timestamp="28 Apr 2021 14:19:55 GMT" time="0.008" errors="0">
  <testcase name="invocationmethod" time="0.000" classname="demoapp.invocationclass"/>
  <testcase name="invocationmethod" time="0.001" classname="demoapp.invocationclass"/>
  <testcase name="invocationmethod" time="0.001" classname="demoapp.invocationclass"/>
  <testcase name="invocationmethod" time="0.001" classname="demoapp.invocationclass"/>
  <testcase name="invocationmethod" time="0.001" classname="demoapp.invocationclass"/>
  <testcase name="invocationmethod" time="0.001" classname="demoapp.invocationclass"/>
  <testcase name="invocationmethod" time="0.001" classname="demoapp.invocationclass"/>
  <testcase name="invocationmethod" time="0.001" classname="demoapp.invocationclass"/>
  <testcase name="invocationmethod" time="0.001" classname="demoapp.invocationclass"/>
  <testcase name="invocationmethod" time="0.000" classname="demoapp.invocationclass"/>
</testsuite> <!-- demoapp.invocationclass -->
