<?xml version="1.0" encoding="UTF-8"?>
<!-- Generated by org.testng.reporters.JUnitReportReporter -->
<testsuite skipped="0" hostname="LAPTOP-I2AH7OPB" name="demoapp.Dependsclass" tests="5" failures="0" timestamp="28 Apr 2021 14:19:55 GMT" time="0.008" errors="0">
  <testcase name="searchtest" time="0.001" classname="demoapp.Dependsclass"/>
  <testcase name="homepagetest" time="0.001" classname="demoapp.Dependsclass"/>
  <testcase name="newtest" time="0.001" classname="demoapp.Dependsclass"/>
  <testcase name="logintest" time="0.004" classname="demoapp.Dependsclass"/>
  <testcase name="logouttest" time="0.001" classname="demoapp.Dependsclass"/>
</testsuite> <!-- demoapp.Dependsclass -->
